[02-24 22:43:57]: [INFO] Created column 'regdate' and set the current timestamp, 1677249837472, to all 0 rows
[02-24 22:43:57]: [INFO] SQLite Setup finished
[02-24 22:43:58]: [INFO] Hooked into LuckPerms!
[02-24 22:43:58]: [INFO] Hooked successfully into Essentials
[02-24 22:43:58]: [INFO] Essentials spawn file not found: 'E:\onedrive_pro\OneDrive - chaolongjun\Minecraft\服务器整合包\arclight\plugins\Essentials\spawn.yml'
[02-24 22:43:58]: [WARN] WARNING! The protectInventory feature requires ProtocolLib! Disabling it...
[02-24 22:43:59]: [INFO] AuthMe 5.6.0-SNAPSHOT build n.2597 successfully enabled!
[02-24 22:44:24]: [INFO] Downloading GEO IP database, because the old database is older than 30 days or doesn't exist
[02-24 22:44:24]: [WARN] No MaxMind credentials found in the configuration file! GeoIp protections will be disabled.
[02-24 22:44:24]: [INFO] There is no newer GEO IP database uploaded to MaxMind. Using the old one for now.
[02-24 22:44:24]: [WARN] Could not download GeoLiteAPI database [FileNotFoundException]: plugins\AuthMe\GeoLite2-Country.mmdb (系统找不到指定的文件。)
[02-24 22:44:24]: java.io.FileNotFoundException: plugins\AuthMe\GeoLite2-Country.mmdb (系统找不到指定的文件。)
	at java.base/java.io.RandomAccessFile.open0(Native Method)
	at java.base/java.io.RandomAccessFile.open(RandomAccessFile.java:344)
	at java.base/java.io.RandomAccessFile.<init>(RandomAccessFile.java:259)
	at java.base/java.io.RandomAccessFile.<init>(RandomAccessFile.java:213)
	at fr.xephi.authme.libs.com.maxmind.db.BufferHolder.<init>(BufferHolder.java:20)
	at fr.xephi.authme.libs.com.maxmind.db.Reader.<init>(Reader.java:121)
	at fr.xephi.authme.service.GeoIpService.startReading(GeoIpService.java:173)
	at fr.xephi.authme.service.GeoIpService.updateDatabase(GeoIpService.java:144)
	at TRANSFORMER/arclight@1.19.2-1.0.1-0550c6cd/org.bukkit.craftbukkit.v1_19_R1.scheduler.CraftTask.run(CraftTask.java:82)
	at TRANSFORMER/arclight@1.19.2-1.0.1-0550c6cd/org.bukkit.craftbukkit.v1_19_R1.scheduler.CraftAsyncTask.run(CraftAsyncTask.java:54)
	at java.base/java.util.concurrent.ThreadPoolExecutor.runWorker(ThreadPoolExecutor.java:1136)
	at java.base/java.util.concurrent.ThreadPoolExecutor$Worker.run(ThreadPoolExecutor.java:635)
	at java.base/java.lang.Thread.run(Thread.java:833)

[02-24 22:44:45]: [FINE] alongw registered 127.0.0.1
[02-24 22:44:45]: [FINE] alongw logged in 127.0.0.1
[02-24 22:47:02]: [INFO] AuthMe 5.6.0-SNAPSHOT-b2597 disabled!
[02-24 22:49:07]: [INFO] SQLite Setup finished
[02-24 22:49:07]: [INFO] Hooked into LuckPerms!
[02-24 22:49:07]: [INFO] Hooked successfully into Essentials
[02-24 22:49:07]: [INFO] Essentials spawn file not found: 'E:\onedrive_pro\OneDrive - chaolongjun\Minecraft\服务器整合包\arclight\plugins\Essentials\spawn.yml'
[02-24 22:49:07]: [WARN] WARNING! The protectInventory feature requires ProtocolLib! Disabling it...
[02-24 22:49:07]: [INFO] AuthMe 5.6.0-SNAPSHOT build n.2597 successfully enabled!
[02-24 22:49:15]: [INFO] Downloading GEO IP database, because the old database is older than 30 days or doesn't exist
[02-24 22:49:15]: [WARN] No MaxMind credentials found in the configuration file! GeoIp protections will be disabled.
[02-24 22:49:15]: [INFO] There is no newer GEO IP database uploaded to MaxMind. Using the old one for now.
[02-24 22:49:15]: [WARN] Could not download GeoLiteAPI database [FileNotFoundException]: plugins\AuthMe\GeoLite2-Country.mmdb (系统找不到指定的文件。)
[02-24 22:49:15]: java.io.FileNotFoundException: plugins\AuthMe\GeoLite2-Country.mmdb (系统找不到指定的文件。)
	at java.base/java.io.RandomAccessFile.open0(Native Method)
	at java.base/java.io.RandomAccessFile.open(RandomAccessFile.java:344)
	at java.base/java.io.RandomAccessFile.<init>(RandomAccessFile.java:259)
	at java.base/java.io.RandomAccessFile.<init>(RandomAccessFile.java:213)
	at fr.xephi.authme.libs.com.maxmind.db.BufferHolder.<init>(BufferHolder.java:20)
	at fr.xephi.authme.libs.com.maxmind.db.Reader.<init>(Reader.java:121)
	at fr.xephi.authme.service.GeoIpService.startReading(GeoIpService.java:173)
	at fr.xephi.authme.service.GeoIpService.updateDatabase(GeoIpService.java:144)
	at TRANSFORMER/arclight@1.19.2-1.0.1-0550c6cd/org.bukkit.craftbukkit.v1_19_R1.scheduler.CraftTask.run(CraftTask.java:82)
	at TRANSFORMER/arclight@1.19.2-1.0.1-0550c6cd/org.bukkit.craftbukkit.v1_19_R1.scheduler.CraftAsyncTask.run(CraftAsyncTask.java:54)
	at java.base/java.util.concurrent.ThreadPoolExecutor.runWorker(ThreadPoolExecutor.java:1136)
	at java.base/java.util.concurrent.ThreadPoolExecutor$Worker.run(ThreadPoolExecutor.java:635)
	at java.base/java.lang.Thread.run(Thread.java:833)

[02-24 22:49:38]: [INFO] AuthMe 5.6.0-SNAPSHOT-b2597 disabled!
